<?xml version="1.0" encoding="UTF-8"?>
<!-- Generated by org.testng.reporters.JUnitReportReporter -->
<testsuite skipped="0" hostname="LAPTOP-C3E1HSB0" name="com.test1.IntegrationTests" tests="1" failures="0" timestamp="24 Jul 2022 06:56:42 GMT" time="14.777" errors="0">
  <testcase name="m2" time="14.777" classname="com.test1.IntegrationTests"/>
</testsuite> <!-- com.test1.IntegrationTests -->
